<?xml version="1.0" encoding="UTF-8"?>
<!-- Generated by org.testng.reporters.JUnitXMLReporter -->
<testsuite hostname="Brij-SNH" ignored="0" name="Default test" tests="3" failures="0" timestamp="2020-09-24T12:49:10 IST" time="5.79" errors="0">
  <testcase name="JsontoPOJOUsingJackson" time="3.985" classname="postPackage.JacksonTest"/>
  <testcase name="JsontoPOJOUsingJacksonUsingURL" time="0.811" classname="postPackage.JacksonTest"/>
  <testcase name="PojoToJsonUsingJackson" time="0.916" classname="postPackage.JacksonTest"/>
</testsuite> <!-- Default test -->
