<?xml version="1.0" encoding="UTF-8"?>
<!-- Generated by org.testng.reporters.JUnitXMLReporter -->
<testsuite hostname="Brij-SNH" ignored="0" name="Test" tests="7" failures="0" timestamp="2020-09-18T00:03:28 IST" time="3.135" errors="0">
  <testcase name="getListOfUsers" time="1.814" classname="package1.GetTests2"/>
  <testcase name="getListOfUsersAssertBody" time="0.15" classname="package1.GetTests2"/>
  <testcase name="getListOfUsersAssertBody1" time="0.206" classname="package1.GetTests2"/>
  <testcase name="getListOfUsersBasePath" time="0.124" classname="package1.GetTests2"/>
  <testcase name="getListOfUsersJsonPath" time="0.542" classname="package1.GetTests2"/>
  <testcase name="getListOfUsersQueryParam" time="0.115" classname="package1.GetTests2"/>
  <testcase name="getListOfUsersRootPath" time="0.15" classname="package1.GetTests2"/>
</testsuite> <!-- Test -->
