<?xml version="1.0" encoding="UTF-8"?>
<testng-results skipped="0" failed="0" ignored="0" total="3" passed="3">
  <reporter-output>
  </reporter-output>
  <suite name="Default suite" duration-ms="5790" started-at="2020-09-24T12:49:04 IST" finished-at="2020-09-24T12:49:10 IST">
    <groups>
    </groups>
    <test name="Default test" duration-ms="5790" started-at="2020-09-24T12:49:04 IST" finished-at="2020-09-24T12:49:10 IST">
      <class name="postPackage.JacksonTest">
        <test-method status="PASS" signature="JsontoPOJOUsingJackson()[pri:0, instance:postPackage.JacksonTest@6737fd8f]" name="JsontoPOJOUsingJackson" duration-ms="3985" started-at="2020-09-24T12:49:04 IST" finished-at="2020-09-24T12:49:08 IST">
          <reporter-output>
          </reporter-output>
        </test-method> <!-- JsontoPOJOUsingJackson -->
        <test-method status="PASS" signature="JsontoPOJOUsingJacksonUsingURL()[pri:0, instance:postPackage.JacksonTest@6737fd8f]" name="JsontoPOJOUsingJacksonUsingURL" duration-ms="811" started-at="2020-09-24T12:49:08 IST" finished-at="2020-09-24T12:49:09 IST">
          <reporter-output>
          </reporter-output>
        </test-method> <!-- JsontoPOJOUsingJacksonUsingURL -->
        <test-method status="PASS" signature="PojoToJsonUsingJackson()[pri:0, instance:postPackage.JacksonTest@6737fd8f]" name="PojoToJsonUsingJackson" duration-ms="916" started-at="2020-09-24T12:49:09 IST" finished-at="2020-09-24T12:49:10 IST">
          <reporter-output>
          </reporter-output>
        </test-method> <!-- PojoToJsonUsingJackson -->
      </class> <!-- postPackage.JacksonTest -->
    </test> <!-- Default test -->
  </suite> <!-- Default suite -->
</testng-results>
